<?xml version="1.0" encoding="UTF-8"?>
<!-- Generated by org.testng.reporters.JUnitReportReporter -->
<testsuite hostname="SmartGig01" failures="0" tests="1" name="com.unified.infinity.uitest.admin.UnifiedProfile" time="15.031" errors="0" timestamp="04 May 2022 13:04:34 GMT" skipped="0">
  <testcase classname="com.unified.infinity.uitest.admin.UnifiedProfile" name="SelectGrade" time="15.031"/>
</testsuite> <!-- com.unified.infinity.uitest.admin.UnifiedProfile -->
