<?xml version="1.0" encoding="UTF-8"?>
<!-- Generated by org.testng.reporters.JUnitReportReporter -->
<testsuite hostname="SmartGig01" failures="0" tests="2" name="com.unified.infinity.uitest.admin.UnifiedTests" time="12.623" errors="0" timestamp="09 May 2022 07:13:25 GMT" skipped="1">
  <testcase classname="com.unified.infinity.uitest.admin.UnifiedTests" name="FreeMasterClass" time="12.623"/>
  <testcase classname="com.unified.infinity.uitest.admin.UnifiedTests" name="SignUpIn">
    <skipped/>
  </testcase> <!-- SignUpIn -->
</testsuite> <!-- com.unified.infinity.uitest.admin.UnifiedTests -->
